e:\young\project\disktool\disktool\debug\moc_diskitem.obj
e:\young\project\disktool\disktool\debug\moc_robot.obj
e:\young\project\disktool\disktool\debug\disktool.obj
e:\young\project\disktool\disktool\debug\moc_disktool.obj
e:\young\project\disktool\disktool\debug\moc_diskitemview.obj
e:\young\project\disktool\disktool\debug\main.obj
e:\young\project\disktool\disktool\debug\diskitem.obj
e:\young\project\disktool\disktool\debug\robot.obj
e:\young\project\disktool\disktool\debug\diskitemview.obj
e:\young\project\disktool\disktool\debug\vc140.pdb
e:\young\project\disktool\disktool\debug\qrc_disktool.obj
e:\young\project\disktool\disktool\generatedfiles\debug\moc_disktool.cpp
e:\young\project\disktool\disktool\generatedfiles\ui_disktool.h
e:\young\project\disktool\disktool\generatedfiles\debug\moc_diskitemview.cpp
e:\young\project\disktool\disktool\generatedfiles\debug\moc_diskitem.cpp
e:\young\project\disktool\disktool\generatedfiles\qrc_disktool.cpp
e:\young\project\disktool\disktool\generatedfiles\ui_diskitemview.h
e:\young\project\disktool\disktool\generatedfiles\debug\moc_robot.cpp
e:\young\project\disktool\win32\debug\disktool.ilk
e:\young\project\disktool\win32\debug\disktool.exe
e:\young\project\disktool\win32\debug\disktool.pdb
e:\young\project\disktool\disktool\debug\disktool.tlog\cl.command.1.tlog
e:\young\project\disktool\disktool\debug\disktool.tlog\cl.read.1.tlog
e:\young\project\disktool\disktool\debug\disktool.tlog\cl.write.1.tlog
e:\young\project\disktool\disktool\debug\disktool.tlog\custombuild.command.1.tlog
e:\young\project\disktool\disktool\debug\disktool.tlog\custombuild.read.1.tlog
e:\young\project\disktool\disktool\debug\disktool.tlog\custombuild.write.1.tlog
e:\young\project\disktool\disktool\debug\disktool.tlog\link.command.1.tlog
e:\young\project\disktool\disktool\debug\disktool.tlog\link.read.1.tlog
e:\young\project\disktool\disktool\debug\disktool.tlog\link.write.1.tlog
